This file contains any messages produced by compilers while
running configure, to aid debugging if configure makes a mistake.

It was created by corels configure VERSION, which was
generated by GNU Autoconf 2.69.  Invocation command line was

  $ ./configure 

## --------- ##
## Platform. ##
## --------- ##

hostname = kepler
uname -m = x86_64
uname -r = 4.17.11-arch1
uname -s = Linux
uname -v = #1 SMP PREEMPT Sun Jul 29 10:11:16 UTC 2018

/usr/bin/uname -p = unknown
/bin/uname -X     = unknown

/bin/arch              = unknown
/usr/bin/arch -k       = unknown
/usr/convex/getsysinfo = unknown
/usr/bin/hostinfo      = unknown
/bin/machine           = unknown
/usr/bin/oslevel       = unknown
/bin/universe          = unknown

PATH: /usr/local/sbin
PATH: /usr/local/bin
PATH: /usr/bin
PATH: /usr/bin/site_perl
PATH: /usr/bin/vendor_perl
PATH: /usr/bin/core_perl
PATH: /home/asaligrama/.cargo/bin


## ----------- ##
## Core tests. ##
## ----------- ##

configure:2521: checking for gsl-config
configure:2539: found /usr/bin/gsl-config
configure:2551: result: /usr/bin/gsl-config
configure:2617: checking for a BSD-compatible install
configure:2685: result: /usr/bin/install -c
configure:2696: checking whether build environment is sane
configure:2751: result: yes
configure:2902: checking for a thread-safe mkdir -p
configure:2941: result: /usr/bin/mkdir -p
configure:2948: checking for gawk
configure:2964: found /usr/bin/gawk
configure:2975: result: gawk
configure:2986: checking whether make sets $(MAKE)
configure:3008: result: yes
configure:3037: checking whether make supports nested variables
configure:3054: result: yes
configure:3210: checking build system type
configure:3224: result: x86_64-pc-linux-gnu
configure:3244: checking host system type
configure:3257: result: x86_64-pc-linux-gnu
configure:3298: checking how to print strings
configure:3325: result: printf
configure:3358: checking for style of include used by make
configure:3386: result: GNU
configure:3457: checking for gcc
configure:3473: found /usr/bin/gcc
configure:3484: result: gcc
configure:3713: checking for C compiler version
configure:3722: gcc --version >&5
gcc (GCC) 8.1.1 20180531
Copyright (C) 2018 Free Software Foundation, Inc.
This is free software; see the source for copying conditions.  There is NO
warranty; not even for MERCHANTABILITY or FITNESS FOR A PARTICULAR PURPOSE.

configure:3733: $? = 0
configure:3722: gcc -v >&5
Using built-in specs.
COLLECT_GCC=gcc
COLLECT_LTO_WRAPPER=/usr/lib/gcc/x86_64-pc-linux-gnu/8.1.1/lto-wrapper
Target: x86_64-pc-linux-gnu
Configured with: /build/gcc/src/gcc/configure --prefix=/usr --libdir=/usr/lib --libexecdir=/usr/lib --mandir=/usr/share/man --infodir=/usr/share/info --with-bugurl=https://bugs.archlinux.org/ --enable-languages=c,c++,ada,fortran,go,lto,objc,obj-c++ --enable-shared --enable-threads=posix --enable-libmpx --with-system-zlib --with-isl --enable-__cxa_atexit --disable-libunwind-exceptions --enable-clocale=gnu --disable-libstdcxx-pch --disable-libssp --enable-gnu-unique-object --enable-linker-build-id --enable-lto --enable-plugin --enable-install-libiberty --with-linker-hash-style=gnu --enable-gnu-indirect-function --enable-multilib --disable-werror --enable-checking=release --enable-default-pie --enable-default-ssp
Thread model: posix
gcc version 8.1.1 20180531 (GCC) 
configure:3733: $? = 0
configure:3722: gcc -V >&5
gcc: error: unrecognized command line option '-V'
gcc: fatal error: no input files
compilation terminated.
configure:3733: $? = 1
configure:3722: gcc -qversion >&5
gcc: error: unrecognized command line option '-qversion'; did you mean '--version'?
gcc: fatal error: no input files
compilation terminated.
configure:3733: $? = 1
configure:3753: checking whether the C compiler works
configure:3775: gcc    conftest.c  >&5
configure:3779: $? = 0
configure:3827: result: yes
configure:3830: checking for C compiler default output file name
configure:3832: result: a.out
configure:3838: checking for suffix of executables
configure:3845: gcc -o conftest    conftest.c  >&5
configure:3849: $? = 0
configure:3871: result: 
configure:3893: checking whether we are cross compiling
configure:3901: gcc -o conftest    conftest.c  >&5
configure:3905: $? = 0
configure:3912: ./conftest
configure:3916: $? = 0
configure:3931: result: no
configure:3936: checking for suffix of object files
configure:3958: gcc -c   conftest.c >&5
configure:3962: $? = 0
configure:3983: result: o
configure:3987: checking whether we are using the GNU C compiler
configure:4006: gcc -c   conftest.c >&5
configure:4006: $? = 0
configure:4015: result: yes
configure:4024: checking whether gcc accepts -g
configure:4044: gcc -c -g  conftest.c >&5
configure:4044: $? = 0
configure:4085: result: yes
configure:4102: checking for gcc option to accept ISO C89
configure:4165: gcc  -c -g -O2  conftest.c >&5
configure:4165: $? = 0
configure:4178: result: none needed
configure:4203: checking whether gcc understands -c and -o together
configure:4225: gcc -c conftest.c -o conftest2.o
configure:4228: $? = 0
configure:4225: gcc -c conftest.c -o conftest2.o
configure:4228: $? = 0
configure:4240: result: yes
configure:4259: checking dependency style of gcc
configure:4370: result: gcc3
configure:4385: checking for a sed that does not truncate output
configure:4449: result: /usr/bin/sed
configure:4467: checking for grep that handles long lines and -e
configure:4525: result: /usr/bin/grep
configure:4530: checking for egrep
configure:4592: result: /usr/bin/grep -E
configure:4597: checking for fgrep
configure:4659: result: /usr/bin/grep -F
configure:4694: checking for ld used by gcc
configure:4761: result: /usr/bin/ld
configure:4768: checking if the linker (/usr/bin/ld) is GNU ld
configure:4783: result: yes
configure:4795: checking for BSD- or MS-compatible name lister (nm)
configure:4849: result: /usr/bin/nm -B
configure:4979: checking the name lister (/usr/bin/nm -B) interface
configure:4986: gcc -c -g -O2  conftest.c >&5
configure:4989: /usr/bin/nm -B "conftest.o"
configure:4992: output
0000000000000000 B some_variable
configure:4999: result: BSD nm
configure:5002: checking whether ln -s works
configure:5006: result: yes
configure:5014: checking the maximum length of command line arguments
configure:5145: result: 1572864
configure:5193: checking how to convert x86_64-pc-linux-gnu file names to x86_64-pc-linux-gnu format
configure:5233: result: func_convert_file_noop
configure:5240: checking how to convert x86_64-pc-linux-gnu file names to toolchain format
configure:5260: result: func_convert_file_noop
configure:5267: checking for /usr/bin/ld option to reload object files
configure:5274: result: -r
configure:5348: checking for objdump
configure:5364: found /usr/bin/objdump
configure:5375: result: objdump
configure:5407: checking how to recognize dependent libraries
configure:5607: result: pass_all
configure:5692: checking for dlltool
configure:5722: result: no
configure:5752: checking how to associate runtime and link libraries
configure:5779: result: printf %s\n
configure:5840: checking for ar
configure:5856: found /usr/bin/ar
configure:5867: result: ar
configure:5904: checking for archiver @FILE support
configure:5921: gcc -c -g -O2  conftest.c >&5
configure:5921: $? = 0
configure:5924: ar cru libconftest.a @conftest.lst >&5
ar: `u' modifier ignored since `D' is the default (see `U')
configure:5927: $? = 0
configure:5932: ar cru libconftest.a @conftest.lst >&5
ar: `u' modifier ignored since `D' is the default (see `U')
ar: conftest.o: No such file or directory
configure:5935: $? = 1
configure:5947: result: @
configure:6005: checking for strip
configure:6021: found /usr/bin/strip
configure:6032: result: strip
configure:6104: checking for ranlib
configure:6120: found /usr/bin/ranlib
configure:6131: result: ranlib
configure:6233: checking command to parse /usr/bin/nm -B output from gcc object
configure:6386: gcc -c -g -O2  conftest.c >&5
configure:6389: $? = 0
configure:6393: /usr/bin/nm -B conftest.o \| sed -n -e 's/^.*[ ]\([ABCDGIRSTW][ABCDGIRSTW]*\)[ ][ ]*\([_A-Za-z][_A-Za-z0-9]*\)$/\1 \2 \2/p' | sed '/ __gnu_lto/d' \> conftest.nm
configure:6396: $? = 0
configure:6462: gcc -o conftest -g -O2   conftest.c conftstm.o >&5
configure:6465: $? = 0
configure:6503: result: ok
configure:6550: checking for sysroot
configure:6580: result: no
configure:6587: checking for a working dd
configure:6625: result: /usr/bin/dd
configure:6629: checking how to truncate binary pipes
configure:6644: result: /usr/bin/dd bs=4096 count=1
configure:6780: gcc -c -g -O2  conftest.c >&5
configure:6783: $? = 0
configure:6973: checking for mt
configure:7003: result: no
configure:7023: checking if : is a manifest tool
configure:7029: : '-?'
configure:7037: result: no
configure:7714: checking how to run the C preprocessor
configure:7745: gcc -E  conftest.c
configure:7745: $? = 0
configure:7759: gcc -E  conftest.c
conftest.c:11:10: fatal error: ac_nonexistent.h: No such file or directory
 #include <ac_nonexistent.h>
          ^~~~~~~~~~~~~~~~~~
compilation terminated.
configure:7759: $? = 1
configure: failed program was:
| /* confdefs.h */
| #define PACKAGE_NAME "corels"
| #define PACKAGE_TARNAME "corels"
| #define PACKAGE_VERSION "VERSION"
| #define PACKAGE_STRING "corels VERSION"
| #define PACKAGE_BUGREPORT "BUG-REPORT-ADDRESS"
| #define PACKAGE_URL ""
| #define PACKAGE "corels"
| #define VERSION "VERSION"
| /* end confdefs.h.  */
| #include <ac_nonexistent.h>
configure:7784: result: gcc -E
configure:7804: gcc -E  conftest.c
configure:7804: $? = 0
configure:7818: gcc -E  conftest.c
conftest.c:11:10: fatal error: ac_nonexistent.h: No such file or directory
 #include <ac_nonexistent.h>
          ^~~~~~~~~~~~~~~~~~
compilation terminated.
configure:7818: $? = 1
configure: failed program was:
| /* confdefs.h */
| #define PACKAGE_NAME "corels"
| #define PACKAGE_TARNAME "corels"
| #define PACKAGE_VERSION "VERSION"
| #define PACKAGE_STRING "corels VERSION"
| #define PACKAGE_BUGREPORT "BUG-REPORT-ADDRESS"
| #define PACKAGE_URL ""
| #define PACKAGE "corels"
| #define VERSION "VERSION"
| /* end confdefs.h.  */
| #include <ac_nonexistent.h>
configure:7847: checking for ANSI C header files
configure:7867: gcc -c -g -O2  conftest.c >&5
configure:7867: $? = 0
configure:7940: gcc -o conftest -g -O2   conftest.c  >&5
configure:7940: $? = 0
configure:7940: ./conftest
configure:7940: $? = 0
configure:7951: result: yes
configure:7964: checking for sys/types.h
configure:7964: gcc -c -g -O2  conftest.c >&5
configure:7964: $? = 0
configure:7964: result: yes
configure:7964: checking for sys/stat.h
configure:7964: gcc -c -g -O2  conftest.c >&5
configure:7964: $? = 0
configure:7964: result: yes
configure:7964: checking for stdlib.h
configure:7964: gcc -c -g -O2  conftest.c >&5
configure:7964: $? = 0
configure:7964: result: yes
configure:7964: checking for string.h
configure:7964: gcc -c -g -O2  conftest.c >&5
configure:7964: $? = 0
configure:7964: result: yes
configure:7964: checking for memory.h
configure:7964: gcc -c -g -O2  conftest.c >&5
configure:7964: $? = 0
configure:7964: result: yes
configure:7964: checking for strings.h
configure:7964: gcc -c -g -O2  conftest.c >&5
configure:7964: $? = 0
configure:7964: result: yes
configure:7964: checking for inttypes.h
configure:7964: gcc -c -g -O2  conftest.c >&5
configure:7964: $? = 0
configure:7964: result: yes
configure:7964: checking for stdint.h
configure:7964: gcc -c -g -O2  conftest.c >&5
configure:7964: $? = 0
configure:7964: result: yes
configure:7964: checking for unistd.h
configure:7964: gcc -c -g -O2  conftest.c >&5
configure:7964: $? = 0
configure:7964: result: yes
configure:7978: checking for dlfcn.h
configure:7978: gcc -c -g -O2  conftest.c >&5
configure:7978: $? = 0
configure:7978: result: yes
configure:8234: checking for objdir
configure:8249: result: .libs
configure:8513: checking if gcc supports -fno-rtti -fno-exceptions
configure:8531: gcc -c -g -O2  -fno-rtti -fno-exceptions conftest.c >&5
cc1: warning: command line option '-fno-rtti' is valid for C++/ObjC++ but not for C
configure:8535: $? = 0
configure:8548: result: no
configure:8906: checking for gcc option to produce PIC
configure:8913: result: -fPIC -DPIC
configure:8921: checking if gcc PIC flag -fPIC -DPIC works
configure:8939: gcc -c -g -O2  -fPIC -DPIC -DPIC conftest.c >&5
configure:8943: $? = 0
configure:8956: result: yes
configure:8985: checking if gcc static flag -static works
configure:9013: result: yes
configure:9028: checking if gcc supports -c -o file.o
configure:9049: gcc -c -g -O2  -o out/conftest2.o conftest.c >&5
configure:9053: $? = 0
configure:9075: result: yes
configure:9083: checking if gcc supports -c -o file.o
configure:9130: result: yes
configure:9163: checking whether the gcc linker (/usr/bin/ld -m elf_x86_64) supports shared libraries
configure:10422: result: yes
configure:10459: checking whether -lc should be explicitly linked in
configure:10467: gcc -c -g -O2  conftest.c >&5
configure:10470: $? = 0
configure:10485: gcc -shared  -fPIC -DPIC conftest.o  -v -Wl,-soname -Wl,conftest -o conftest 2\>\&1 \| /usr/bin/grep  -lc  \>/dev/null 2\>\&1
configure:10488: $? = 0
configure:10502: result: no
configure:10662: checking dynamic linker characteristics
configure:11243: gcc -o conftest -g -O2   -Wl,-rpath -Wl,/foo conftest.c  >&5
configure:11243: $? = 0
configure:11480: result: GNU/Linux ld.so
configure:11602: checking how to hardcode library paths into programs
configure:11627: result: immediate
configure:12175: checking whether stripping libraries is possible
configure:12180: result: yes
configure:12215: checking if libtool supports shared libraries
configure:12217: result: yes
configure:12220: checking whether to build shared libraries
configure:12245: result: yes
configure:12248: checking whether to build static libraries
configure:12252: result: yes
configure:12340: checking for gcc
configure:12367: result: gcc
configure:12596: checking for C compiler version
configure:12605: gcc --version >&5
gcc (GCC) 8.1.1 20180531
Copyright (C) 2018 Free Software Foundation, Inc.
This is free software; see the source for copying conditions.  There is NO
warranty; not even for MERCHANTABILITY or FITNESS FOR A PARTICULAR PURPOSE.

configure:12616: $? = 0
configure:12605: gcc -v >&5
Using built-in specs.
COLLECT_GCC=gcc
COLLECT_LTO_WRAPPER=/usr/lib/gcc/x86_64-pc-linux-gnu/8.1.1/lto-wrapper
Target: x86_64-pc-linux-gnu
Configured with: /build/gcc/src/gcc/configure --prefix=/usr --libdir=/usr/lib --libexecdir=/usr/lib --mandir=/usr/share/man --infodir=/usr/share/info --with-bugurl=https://bugs.archlinux.org/ --enable-languages=c,c++,ada,fortran,go,lto,objc,obj-c++ --enable-shared --enable-threads=posix --enable-libmpx --with-system-zlib --with-isl --enable-__cxa_atexit --disable-libunwind-exceptions --enable-clocale=gnu --disable-libstdcxx-pch --disable-libssp --enable-gnu-unique-object --enable-linker-build-id --enable-lto --enable-plugin --enable-install-libiberty --with-linker-hash-style=gnu --enable-gnu-indirect-function --enable-multilib --disable-werror --enable-checking=release --enable-default-pie --enable-default-ssp
Thread model: posix
gcc version 8.1.1 20180531 (GCC) 
configure:12616: $? = 0
configure:12605: gcc -V >&5
gcc: error: unrecognized command line option '-V'
gcc: fatal error: no input files
compilation terminated.
configure:12616: $? = 1
configure:12605: gcc -qversion >&5
gcc: error: unrecognized command line option '-qversion'; did you mean '--version'?
gcc: fatal error: no input files
compilation terminated.
configure:12616: $? = 1
configure:12620: checking whether we are using the GNU C compiler
configure:12648: result: yes
configure:12657: checking whether gcc accepts -g
configure:12718: result: yes
configure:12735: checking for gcc option to accept ISO C89
configure:12811: result: none needed
configure:12836: checking whether gcc understands -c and -o together
configure:12873: result: yes
configure:12892: checking dependency style of gcc
configure:13003: result: gcc3
configure:13076: checking for g++
configure:13092: found /usr/bin/g++
configure:13103: result: g++
configure:13130: checking for C++ compiler version
configure:13139: g++ --version >&5
g++ (GCC) 8.1.1 20180531
Copyright (C) 2018 Free Software Foundation, Inc.
This is free software; see the source for copying conditions.  There is NO
warranty; not even for MERCHANTABILITY or FITNESS FOR A PARTICULAR PURPOSE.

configure:13150: $? = 0
configure:13139: g++ -v >&5
Using built-in specs.
COLLECT_GCC=g++
COLLECT_LTO_WRAPPER=/usr/lib/gcc/x86_64-pc-linux-gnu/8.1.1/lto-wrapper
Target: x86_64-pc-linux-gnu
Configured with: /build/gcc/src/gcc/configure --prefix=/usr --libdir=/usr/lib --libexecdir=/usr/lib --mandir=/usr/share/man --infodir=/usr/share/info --with-bugurl=https://bugs.archlinux.org/ --enable-languages=c,c++,ada,fortran,go,lto,objc,obj-c++ --enable-shared --enable-threads=posix --enable-libmpx --with-system-zlib --with-isl --enable-__cxa_atexit --disable-libunwind-exceptions --enable-clocale=gnu --disable-libstdcxx-pch --disable-libssp --enable-gnu-unique-object --enable-linker-build-id --enable-lto --enable-plugin --enable-install-libiberty --with-linker-hash-style=gnu --enable-gnu-indirect-function --enable-multilib --disable-werror --enable-checking=release --enable-default-pie --enable-default-ssp
Thread model: posix
gcc version 8.1.1 20180531 (GCC) 
configure:13150: $? = 0
configure:13139: g++ -V >&5
g++: error: unrecognized command line option '-V'
g++: fatal error: no input files
compilation terminated.
configure:13150: $? = 1
configure:13139: g++ -qversion >&5
g++: error: unrecognized command line option '-qversion'; did you mean '--version'?
g++: fatal error: no input files
compilation terminated.
configure:13150: $? = 1
configure:13154: checking whether we are using the GNU C++ compiler
configure:13173: g++ -c   conftest.cpp >&5
configure:13173: $? = 0
configure:13182: result: yes
configure:13191: checking whether g++ accepts -g
configure:13211: g++ -c -g  conftest.cpp >&5
configure:13211: $? = 0
configure:13252: result: yes
configure:13277: checking dependency style of g++
configure:13388: result: gcc3
configure:13421: checking how to run the C++ preprocessor
configure:13448: g++ -E  conftest.cpp
configure:13448: $? = 0
configure:13462: g++ -E  conftest.cpp
conftest.cpp:23:10: fatal error: ac_nonexistent.h: No such file or directory
 #include <ac_nonexistent.h>
          ^~~~~~~~~~~~~~~~~~
compilation terminated.
configure:13462: $? = 1
configure: failed program was:
| /* confdefs.h */
| #define PACKAGE_NAME "corels"
| #define PACKAGE_TARNAME "corels"
| #define PACKAGE_VERSION "VERSION"
| #define PACKAGE_STRING "corels VERSION"
| #define PACKAGE_BUGREPORT "BUG-REPORT-ADDRESS"
| #define PACKAGE_URL ""
| #define PACKAGE "corels"
| #define VERSION "VERSION"
| #define STDC_HEADERS 1
| #define HAVE_SYS_TYPES_H 1
| #define HAVE_SYS_STAT_H 1
| #define HAVE_STDLIB_H 1
| #define HAVE_STRING_H 1
| #define HAVE_MEMORY_H 1
| #define HAVE_STRINGS_H 1
| #define HAVE_INTTYPES_H 1
| #define HAVE_STDINT_H 1
| #define HAVE_UNISTD_H 1
| #define HAVE_DLFCN_H 1
| #define LT_OBJDIR ".libs/"
| /* end confdefs.h.  */
| #include <ac_nonexistent.h>
configure:13487: result: g++ -E
configure:13507: g++ -E  conftest.cpp
configure:13507: $? = 0
configure:13521: g++ -E  conftest.cpp
conftest.cpp:23:10: fatal error: ac_nonexistent.h: No such file or directory
 #include <ac_nonexistent.h>
          ^~~~~~~~~~~~~~~~~~
compilation terminated.
configure:13521: $? = 1
configure: failed program was:
| /* confdefs.h */
| #define PACKAGE_NAME "corels"
| #define PACKAGE_TARNAME "corels"
| #define PACKAGE_VERSION "VERSION"
| #define PACKAGE_STRING "corels VERSION"
| #define PACKAGE_BUGREPORT "BUG-REPORT-ADDRESS"
| #define PACKAGE_URL ""
| #define PACKAGE "corels"
| #define VERSION "VERSION"
| #define STDC_HEADERS 1
| #define HAVE_SYS_TYPES_H 1
| #define HAVE_SYS_STAT_H 1
| #define HAVE_STDLIB_H 1
| #define HAVE_STRING_H 1
| #define HAVE_MEMORY_H 1
| #define HAVE_STRINGS_H 1
| #define HAVE_INTTYPES_H 1
| #define HAVE_STDINT_H 1
| #define HAVE_UNISTD_H 1
| #define HAVE_DLFCN_H 1
| #define LT_OBJDIR ".libs/"
| /* end confdefs.h.  */
| #include <ac_nonexistent.h>
configure:13683: checking for ld used by g++
configure:13750: result: /usr/bin/ld -m elf_x86_64
configure:13757: checking if the linker (/usr/bin/ld -m elf_x86_64) is GNU ld
configure:13772: result: yes
configure:13827: checking whether the g++ linker (/usr/bin/ld -m elf_x86_64) supports shared libraries
configure:14900: result: yes
configure:14936: g++ -c -g -O2  conftest.cpp >&5
configure:14939: $? = 0
configure:15420: checking for g++ option to produce PIC
configure:15427: result: -fPIC -DPIC
configure:15435: checking if g++ PIC flag -fPIC -DPIC works
configure:15453: g++ -c -g -O2  -fPIC -DPIC -DPIC conftest.cpp >&5
configure:15457: $? = 0
configure:15470: result: yes
configure:15493: checking if g++ static flag -static works
configure:15521: result: yes
configure:15533: checking if g++ supports -c -o file.o
configure:15554: g++ -c -g -O2  -o out/conftest2.o conftest.cpp >&5
configure:15558: $? = 0
configure:15580: result: yes
configure:15585: checking if g++ supports -c -o file.o
configure:15632: result: yes
configure:15662: checking whether the g++ linker (/usr/bin/ld -m elf_x86_64) supports shared libraries
configure:15702: result: yes
configure:15843: checking dynamic linker characteristics
configure:16588: result: GNU/Linux ld.so
configure:16653: checking how to hardcode library paths into programs
configure:16678: result: immediate
configure:16732: checking for floor in -lm
configure:16757: g++ -o conftest -g -O2   conftest.cpp -lm   >&5
conftest.cpp:30:6: warning: declaration of 'char floor()' conflicts with built-in declaration 'double floor(double)' [-Wbuiltin-declaration-mismatch]
 char floor ();
      ^~~~~
configure:16757: $? = 0
configure:16766: result: yes
configure:16777: checking for cblas_dgemm in -lgslcblas
configure:16802: g++ -o conftest -g -O2   conftest.cpp -lgslcblas  -lm  >&5
configure:16802: $? = 0
configure:16811: result: yes
configure:16825: checking for __gmpz_clear in -lgmp
configure:16850: g++ -o conftest -g -O2 -I/opt/local/include -I/usr/local/include  -I/opt/local/include -I/usr/local/include  -L/opt/local/lib -L/usr/local/lib -L/usr/lib64 conftest.cpp -lgmp  -lgslcblas -lm  >&5
configure:16850: $? = 0
configure:16859: result: yes
configure:16874: checking for gsl_ran_poisson in -lgsl
configure:16899: g++ -o conftest -g -O2 -I/opt/local/include -I/usr/local/include  -I/opt/local/include -I/usr/local/include  -L/opt/local/lib -L/usr/local/lib -L/usr/lib64 conftest.cpp -lgsl  -lgmp -lgslcblas -lm  >&5
configure:16899: $? = 0
configure:16908: result: yes
configure:17076: checking that generated files are newer than configure
configure:17082: result: done
configure:17113: creating ./config.status

## ---------------------- ##
## Running config.status. ##
## ---------------------- ##

This file was extended by corels config.status VERSION, which was
generated by GNU Autoconf 2.69.  Invocation command line was

  CONFIG_FILES    = 
  CONFIG_HEADERS  = 
  CONFIG_LINKS    = 
  CONFIG_COMMANDS = 
  $ ./config.status 

on kepler

config.status:1073: creating src/Makevars
config.status:1245: executing depfiles commands
config.status:1245: executing libtool commands
configure:19340: checking float.h usability
configure:19340: g++ -c -g -O2 -I/opt/local/include -I/usr/local/include  -I/opt/local/include -I/usr/local/include conftest.cpp >&5
configure:19340: $? = 0
configure:19340: result: yes
configure:19340: checking float.h presence
configure:19340: g++ -E  -I/opt/local/include -I/usr/local/include conftest.cpp
configure:19340: $? = 0
configure:19340: result: yes
configure:19340: checking for float.h
configure:19340: result: yes
configure:19340: checking gmp.h usability
configure:19340: g++ -c -g -O2 -I/opt/local/include -I/usr/local/include  -I/opt/local/include -I/usr/local/include conftest.cpp >&5
configure:19340: $? = 0
configure:19340: result: yes
configure:19340: checking gmp.h presence
configure:19340: g++ -E  -I/opt/local/include -I/usr/local/include conftest.cpp
configure:19340: $? = 0
configure:19340: result: yes
configure:19340: checking for gmp.h
configure:19340: result: yes
configure:19340: checking for stdlib.h
configure:19340: result: yes
configure:19340: checking for string.h
configure:19340: result: yes
configure:19340: checking sys/time.h usability
configure:19340: g++ -c -g -O2 -I/opt/local/include -I/usr/local/include  -I/opt/local/include -I/usr/local/include conftest.cpp >&5
configure:19340: $? = 0
configure:19340: result: yes
configure:19340: checking sys/time.h presence
configure:19340: g++ -E  -I/opt/local/include -I/usr/local/include conftest.cpp
configure:19340: $? = 0
configure:19340: result: yes
configure:19340: checking for sys/time.h
configure:19340: result: yes
configure:19340: checking for unistd.h
configure:19340: result: yes
configure:19352: checking for size_t
configure:19352: g++ -c -g -O2 -I/opt/local/include -I/usr/local/include  -I/opt/local/include -I/usr/local/include conftest.cpp >&5
configure:19352: $? = 0
configure:19352: g++ -c -g -O2 -I/opt/local/include -I/usr/local/include  -I/opt/local/include -I/usr/local/include conftest.cpp >&5
conftest.cpp: In function 'int main()':
conftest.cpp:69:20: error: expected primary-expression before ')' token
 if (sizeof ((size_t)))
                    ^
configure:19352: $? = 1
configure: failed program was:
| /* confdefs.h */
| #define PACKAGE_NAME "corels"
| #define PACKAGE_TARNAME "corels"
| #define PACKAGE_VERSION "VERSION"
| #define PACKAGE_STRING "corels VERSION"
| #define PACKAGE_BUGREPORT "BUG-REPORT-ADDRESS"
| #define PACKAGE_URL ""
| #define PACKAGE "corels"
| #define VERSION "VERSION"
| #define STDC_HEADERS 1
| #define HAVE_SYS_TYPES_H 1
| #define HAVE_SYS_STAT_H 1
| #define HAVE_STDLIB_H 1
| #define HAVE_STRING_H 1
| #define HAVE_MEMORY_H 1
| #define HAVE_STRINGS_H 1
| #define HAVE_INTTYPES_H 1
| #define HAVE_STDINT_H 1
| #define HAVE_UNISTD_H 1
| #define HAVE_DLFCN_H 1
| #define LT_OBJDIR ".libs/"
| #define HAVE_LIBM 1
| #define HAVE_LIBGSLCBLAS 1
| #define HAVE_LIBGMP 1
| #define HAVE_LIBGSL 1
| #define HAVE_FLOAT_H 1
| #define HAVE_GMP_H 1
| #define HAVE_STDLIB_H 1
| #define HAVE_STRING_H 1
| #define HAVE_SYS_TIME_H 1
| #define HAVE_UNISTD_H 1
| /* end confdefs.h.  */
| #include <stdio.h>
| #ifdef HAVE_SYS_TYPES_H
| # include <sys/types.h>
| #endif
| #ifdef HAVE_SYS_STAT_H
| # include <sys/stat.h>
| #endif
| #ifdef STDC_HEADERS
| # include <stdlib.h>
| # include <stddef.h>
| #else
| # ifdef HAVE_STDLIB_H
| #  include <stdlib.h>
| # endif
| #endif
| #ifdef HAVE_STRING_H
| # if !defined STDC_HEADERS && defined HAVE_MEMORY_H
| #  include <memory.h>
| # endif
| # include <string.h>
| #endif
| #ifdef HAVE_STRINGS_H
| # include <strings.h>
| #endif
| #ifdef HAVE_INTTYPES_H
| # include <inttypes.h>
| #endif
| #ifdef HAVE_STDINT_H
| # include <stdint.h>
| #endif
| #ifdef HAVE_UNISTD_H
| # include <unistd.h>
| #endif
| int
| main ()
| {
| if (sizeof ((size_t)))
| 	    return 0;
|   ;
|   return 0;
| }
configure:19352: result: yes
configure:19363: checking for ssize_t
configure:19363: g++ -c -g -O2 -I/opt/local/include -I/usr/local/include  -I/opt/local/include -I/usr/local/include conftest.cpp >&5
configure:19363: $? = 0
configure:19363: g++ -c -g -O2 -I/opt/local/include -I/usr/local/include  -I/opt/local/include -I/usr/local/include conftest.cpp >&5
conftest.cpp: In function 'int main()':
conftest.cpp:69:21: error: expected primary-expression before ')' token
 if (sizeof ((ssize_t)))
                     ^
configure:19363: $? = 1
configure: failed program was:
| /* confdefs.h */
| #define PACKAGE_NAME "corels"
| #define PACKAGE_TARNAME "corels"
| #define PACKAGE_VERSION "VERSION"
| #define PACKAGE_STRING "corels VERSION"
| #define PACKAGE_BUGREPORT "BUG-REPORT-ADDRESS"
| #define PACKAGE_URL ""
| #define PACKAGE "corels"
| #define VERSION "VERSION"
| #define STDC_HEADERS 1
| #define HAVE_SYS_TYPES_H 1
| #define HAVE_SYS_STAT_H 1
| #define HAVE_STDLIB_H 1
| #define HAVE_STRING_H 1
| #define HAVE_MEMORY_H 1
| #define HAVE_STRINGS_H 1
| #define HAVE_INTTYPES_H 1
| #define HAVE_STDINT_H 1
| #define HAVE_UNISTD_H 1
| #define HAVE_DLFCN_H 1
| #define LT_OBJDIR ".libs/"
| #define HAVE_LIBM 1
| #define HAVE_LIBGSLCBLAS 1
| #define HAVE_LIBGMP 1
| #define HAVE_LIBGSL 1
| #define HAVE_FLOAT_H 1
| #define HAVE_GMP_H 1
| #define HAVE_STDLIB_H 1
| #define HAVE_STRING_H 1
| #define HAVE_SYS_TIME_H 1
| #define HAVE_UNISTD_H 1
| /* end confdefs.h.  */
| #include <stdio.h>
| #ifdef HAVE_SYS_TYPES_H
| # include <sys/types.h>
| #endif
| #ifdef HAVE_SYS_STAT_H
| # include <sys/stat.h>
| #endif
| #ifdef STDC_HEADERS
| # include <stdlib.h>
| # include <stddef.h>
| #else
| # ifdef HAVE_STDLIB_H
| #  include <stdlib.h>
| # endif
| #endif
| #ifdef HAVE_STRING_H
| # if !defined STDC_HEADERS && defined HAVE_MEMORY_H
| #  include <memory.h>
| # endif
| # include <string.h>
| #endif
| #ifdef HAVE_STRINGS_H
| # include <strings.h>
| #endif
| #ifdef HAVE_INTTYPES_H
| # include <inttypes.h>
| #endif
| #ifdef HAVE_STDINT_H
| # include <stdint.h>
| #endif
| #ifdef HAVE_UNISTD_H
| # include <unistd.h>
| #endif
| int
| main ()
| {
| if (sizeof ((ssize_t)))
| 	    return 0;
|   ;
|   return 0;
| }
configure:19363: result: yes
configure:19378: checking for stdlib.h
configure:19378: result: yes
configure:19388: checking for GNU libc compatible malloc
configure:19412: g++ -o conftest -g -O2 -I/opt/local/include -I/usr/local/include  -I/opt/local/include -I/usr/local/include  -L/opt/local/lib -L/usr/local/lib -L/usr/lib64 conftest.cpp -lgsl -lgmp -lgslcblas -lm  >&5
configure:19412: $? = 0
configure:19412: ./conftest
configure:19412: $? = 0
configure:19422: result: yes
configure:19445: checking for stdlib.h
configure:19445: result: yes
configure:19455: checking for GNU libc compatible realloc
configure:19479: g++ -o conftest -g -O2 -I/opt/local/include -I/usr/local/include  -I/opt/local/include -I/usr/local/include  -L/opt/local/lib -L/usr/local/lib -L/usr/lib64 conftest.cpp -lgsl -lgmp -lgslcblas -lm  >&5
configure:19479: $? = 0
configure:19479: ./conftest
configure:19479: $? = 0
configure:19489: result: yes
configure:19510: checking for working strtod
configure:19551: g++ -o conftest -g -O2 -I/opt/local/include -I/usr/local/include  -I/opt/local/include -I/usr/local/include  -L/opt/local/lib -L/usr/local/lib -L/usr/lib64 conftest.cpp -lgsl -lgmp -lgslcblas -lm  >&5
conftest.cpp: In function 'int main()':
conftest.cpp:79:20: warning: ISO C++ forbids converting a string constant to 'char*' [-Wwrite-strings]
     char *string = " +69";
                    ^~~~~~
conftest.cpp:90:20: warning: ISO C++ forbids converting a string constant to 'char*' [-Wwrite-strings]
     char *string = "NaN";
                    ^~~~~
configure:19551: $? = 0
configure:19551: ./conftest
configure:19551: $? = 0
configure:19561: result: yes
configure:19626: checking for gettimeofday
configure:19626: g++ -o conftest -g -O2 -I/opt/local/include -I/usr/local/include  -I/opt/local/include -I/usr/local/include  -L/opt/local/lib -L/usr/local/lib -L/usr/lib64 conftest.cpp -lgsl -lgmp -lgslcblas -lm  >&5
configure:19626: $? = 0
configure:19626: result: yes
configure:19626: checking for memmove
configure:19626: g++ -o conftest -g -O2 -I/opt/local/include -I/usr/local/include  -I/opt/local/include -I/usr/local/include  -L/opt/local/lib -L/usr/local/lib -L/usr/lib64 conftest.cpp -lgsl -lgmp -lgslcblas -lm  >&5
conftest.cpp:61:6: warning: declaration of 'char memmove()' conflicts with built-in declaration 'void* memmove(void*, const void*, long unsigned int)' [-Wbuiltin-declaration-mismatch]
 char memmove ();
      ^~~~~~~
configure:19626: $? = 0
configure:19626: result: yes
configure:19626: checking for memset
configure:19626: g++ -o conftest -g -O2 -I/opt/local/include -I/usr/local/include  -I/opt/local/include -I/usr/local/include  -L/opt/local/lib -L/usr/local/lib -L/usr/lib64 conftest.cpp -lgsl -lgmp -lgslcblas -lm  >&5
conftest.cpp:62:6: warning: declaration of 'char memset()' conflicts with built-in declaration 'void* memset(void*, int, long unsigned int)' [-Wbuiltin-declaration-mismatch]
 char memset ();
      ^~~~~~
configure:19626: $? = 0
configure:19626: result: yes
configure:19626: checking for strdup
configure:19626: g++ -o conftest -g -O2 -I/opt/local/include -I/usr/local/include  -I/opt/local/include -I/usr/local/include  -L/opt/local/lib -L/usr/local/lib -L/usr/lib64 conftest.cpp -lgsl -lgmp -lgslcblas -lm  >&5
conftest.cpp:63:6: warning: declaration of 'char strdup()' conflicts with built-in declaration 'char* strdup(const char*)' [-Wbuiltin-declaration-mismatch]
 char strdup ();
      ^~~~~~
configure:19626: $? = 0
configure:19626: result: yes
configure:19626: checking for strerror
configure:19626: g++ -o conftest -g -O2 -I/opt/local/include -I/usr/local/include  -I/opt/local/include -I/usr/local/include  -L/opt/local/lib -L/usr/local/lib -L/usr/lib64 conftest.cpp -lgsl -lgmp -lgslcblas -lm  >&5
configure:19626: $? = 0
configure:19626: result: yes
configure:19783: checking that generated files are newer than configure
configure:19789: result: done
configure:19824: creating ./config.status

## ---------------------- ##
## Running config.status. ##
## ---------------------- ##

This file was extended by corels config.status VERSION, which was
generated by GNU Autoconf 2.69.  Invocation command line was

  CONFIG_FILES    = 
  CONFIG_HEADERS  = 
  CONFIG_LINKS    = 
  CONFIG_COMMANDS = 
  $ ./config.status 

on kepler

config.status:1077: creating src/Makevars
config.status:1077: creating Makefile
config.status:1249: executing depfiles commands
config.status:1249: executing libtool commands

## ---------------- ##
## Cache variables. ##
## ---------------- ##

ac_cv_build=x86_64-pc-linux-gnu
ac_cv_c_compiler_gnu=yes
ac_cv_cxx_compiler_gnu=yes
ac_cv_env_CCC_set=
ac_cv_env_CCC_value=
ac_cv_env_CC_set=
ac_cv_env_CC_value=
ac_cv_env_CFLAGS_set=
ac_cv_env_CFLAGS_value=
ac_cv_env_CPPFLAGS_set=
ac_cv_env_CPPFLAGS_value=
ac_cv_env_CPP_set=
ac_cv_env_CPP_value=
ac_cv_env_CXXCPP_set=
ac_cv_env_CXXCPP_value=
ac_cv_env_CXXFLAGS_set=
ac_cv_env_CXXFLAGS_value=
ac_cv_env_CXX_set=
ac_cv_env_CXX_value=
ac_cv_env_LDFLAGS_set=
ac_cv_env_LDFLAGS_value=
ac_cv_env_LIBS_set=
ac_cv_env_LIBS_value=
ac_cv_env_LT_SYS_LIBRARY_PATH_set=
ac_cv_env_LT_SYS_LIBRARY_PATH_value=
ac_cv_env_build_alias_set=
ac_cv_env_build_alias_value=
ac_cv_env_host_alias_set=
ac_cv_env_host_alias_value=
ac_cv_env_target_alias_set=
ac_cv_env_target_alias_value=
ac_cv_func_gettimeofday=yes
ac_cv_func_malloc_0_nonnull=yes
ac_cv_func_memmove=yes
ac_cv_func_memset=yes
ac_cv_func_realloc_0_nonnull=yes
ac_cv_func_strdup=yes
ac_cv_func_strerror=yes
ac_cv_func_strtod=yes
ac_cv_header_dlfcn_h=yes
ac_cv_header_float_h=yes
ac_cv_header_gmp_h=yes
ac_cv_header_inttypes_h=yes
ac_cv_header_memory_h=yes
ac_cv_header_stdc=yes
ac_cv_header_stdint_h=yes
ac_cv_header_stdlib_h=yes
ac_cv_header_string_h=yes
ac_cv_header_strings_h=yes
ac_cv_header_sys_stat_h=yes
ac_cv_header_sys_time_h=yes
ac_cv_header_sys_types_h=yes
ac_cv_header_unistd_h=yes
ac_cv_host=x86_64-pc-linux-gnu
ac_cv_lib_gmp___gmpz_clear=yes
ac_cv_lib_gsl_gsl_ran_poisson=yes
ac_cv_lib_gslcblas_cblas_dgemm=yes
ac_cv_lib_m_floor=yes
ac_cv_objext=o
ac_cv_path_EGREP='/usr/bin/grep -E'
ac_cv_path_FGREP='/usr/bin/grep -F'
ac_cv_path_GREP=/usr/bin/grep
ac_cv_path_GSL_CONFIG=/usr/bin/gsl-config
ac_cv_path_SED=/usr/bin/sed
ac_cv_path_install='/usr/bin/install -c'
ac_cv_path_lt_DD=/usr/bin/dd
ac_cv_path_mkdir=/usr/bin/mkdir
ac_cv_prog_AWK=gawk
ac_cv_prog_CPP='gcc -E'
ac_cv_prog_CXXCPP='g++ -E'
ac_cv_prog_ac_ct_AR=ar
ac_cv_prog_ac_ct_CC=gcc
ac_cv_prog_ac_ct_CXX=g++
ac_cv_prog_ac_ct_OBJDUMP=objdump
ac_cv_prog_ac_ct_RANLIB=ranlib
ac_cv_prog_ac_ct_STRIP=strip
ac_cv_prog_cc_c89=
ac_cv_prog_cc_g=yes
ac_cv_prog_cxx_g=yes
ac_cv_prog_make_make_set=yes
ac_cv_type_size_t=yes
ac_cv_type_ssize_t=yes
am_cv_CC_dependencies_compiler_type=gcc3
am_cv_CXX_dependencies_compiler_type=gcc3
am_cv_make_support_nested_variables=yes
am_cv_prog_cc_c_o=yes
lt_cv_ar_at_file=@
lt_cv_archive_cmds_need_lc=no
lt_cv_deplibs_check_method=pass_all
lt_cv_file_magic_cmd='$MAGIC_CMD'
lt_cv_file_magic_test_file=
lt_cv_ld_reload_flag=-r
lt_cv_nm_interface='BSD nm'
lt_cv_objdir=.libs
lt_cv_path_LD=/usr/bin/ld
lt_cv_path_LDCXX='/usr/bin/ld -m elf_x86_64'
lt_cv_path_NM='/usr/bin/nm -B'
lt_cv_path_mainfest_tool=no
lt_cv_prog_compiler_c_o=yes
lt_cv_prog_compiler_c_o_CXX=yes
lt_cv_prog_compiler_pic='-fPIC -DPIC'
lt_cv_prog_compiler_pic_CXX='-fPIC -DPIC'
lt_cv_prog_compiler_pic_works=yes
lt_cv_prog_compiler_pic_works_CXX=yes
lt_cv_prog_compiler_rtti_exceptions=no
lt_cv_prog_compiler_static_works=yes
lt_cv_prog_compiler_static_works_CXX=yes
lt_cv_prog_gnu_ld=yes
lt_cv_prog_gnu_ldcxx=yes
lt_cv_sharedlib_from_linklib_cmd='printf %s\n'
lt_cv_shlibpath_overrides_runpath=no
lt_cv_sys_global_symbol_pipe='sed -n -e '\''s/^.*[	 ]\([ABCDGIRSTW][ABCDGIRSTW]*\)[	 ][	 ]*\([_A-Za-z][_A-Za-z0-9]*\)$/\1 \2 \2/p'\'' | sed '\''/ __gnu_lto/d'\'''
lt_cv_sys_global_symbol_to_c_name_address='sed -n -e '\''s/^: \(.*\) .*$/  {"\1", (void *) 0},/p'\'' -e '\''s/^[ABCDGIRSTW][ABCDGIRSTW]* .* \(.*\)$/  {"\1", (void *) \&\1},/p'\'''
lt_cv_sys_global_symbol_to_c_name_address_lib_prefix='sed -n -e '\''s/^: \(.*\) .*$/  {"\1", (void *) 0},/p'\'' -e '\''s/^[ABCDGIRSTW][ABCDGIRSTW]* .* \(lib.*\)$/  {"\1", (void *) \&\1},/p'\'' -e '\''s/^[ABCDGIRSTW][ABCDGIRSTW]* .* \(.*\)$/  {"lib\1", (void *) \&\1},/p'\'''
lt_cv_sys_global_symbol_to_cdecl='sed -n -e '\''s/^T .* \(.*\)$/extern int \1();/p'\'' -e '\''s/^[ABCDGIRSTW][ABCDGIRSTW]* .* \(.*\)$/extern char \1;/p'\'''
lt_cv_sys_global_symbol_to_import=
lt_cv_sys_max_cmd_len=1572864
lt_cv_to_host_file_cmd=func_convert_file_noop
lt_cv_to_tool_file_cmd=func_convert_file_noop
lt_cv_truncate_bin='/usr/bin/dd bs=4096 count=1'

## ----------------- ##
## Output variables. ##
## ----------------- ##

ACLOCAL='${SHELL} /home/asaligrama/dev/rcorels/missing aclocal-1.15'
AMDEPBACKSLASH='\'
AMDEP_FALSE='#'
AMDEP_TRUE=''
AMTAR='$${TAR-tar}'
AM_BACKSLASH='\'
AM_DEFAULT_V='$(AM_DEFAULT_VERBOSITY)'
AM_DEFAULT_VERBOSITY='1'
AM_V='$(V)'
AR='ar'
AUTOCONF='${SHELL} /home/asaligrama/dev/rcorels/missing autoconf'
AUTOHEADER='${SHELL} /home/asaligrama/dev/rcorels/missing autoheader'
AUTOMAKE='${SHELL} /home/asaligrama/dev/rcorels/missing automake-1.15'
AWK='gawk'
CC='gcc'
CCDEPMODE='depmode=gcc3'
CFLAGS='-g -O2'
CPP='gcc -E'
CPPFLAGS=' -I/opt/local/include -I/usr/local/include'
CXX='g++'
CXXCPP='g++ -E'
CXXDEPMODE='depmode=gcc3'
CXXFLAGS='-g -O2 -I/opt/local/include -I/usr/local/include'
CYGPATH_W='echo'
DEFS='-DPACKAGE_NAME=\"corels\" -DPACKAGE_TARNAME=\"corels\" -DPACKAGE_VERSION=\"VERSION\" -DPACKAGE_STRING=\"corels\ VERSION\" -DPACKAGE_BUGREPORT=\"BUG-REPORT-ADDRESS\" -DPACKAGE_URL=\"\" -DPACKAGE=\"corels\" -DVERSION=\"VERSION\" -DSTDC_HEADERS=1 -DHAVE_SYS_TYPES_H=1 -DHAVE_SYS_STAT_H=1 -DHAVE_STDLIB_H=1 -DHAVE_STRING_H=1 -DHAVE_MEMORY_H=1 -DHAVE_STRINGS_H=1 -DHAVE_INTTYPES_H=1 -DHAVE_STDINT_H=1 -DHAVE_UNISTD_H=1 -DHAVE_DLFCN_H=1 -DLT_OBJDIR=\".libs/\" -DHAVE_LIBM=1 -DHAVE_LIBGSLCBLAS=1 -DHAVE_LIBGMP=1 -DHAVE_LIBGSL=1 -DHAVE_FLOAT_H=1 -DHAVE_GMP_H=1 -DHAVE_STDLIB_H=1 -DHAVE_STRING_H=1 -DHAVE_SYS_TIME_H=1 -DHAVE_UNISTD_H=1 -DHAVE_STDLIB_H=1 -DHAVE_MALLOC=1 -DHAVE_STDLIB_H=1 -DHAVE_REALLOC=1 -DHAVE_GETTIMEOFDAY=1 -DHAVE_MEMMOVE=1 -DHAVE_MEMSET=1 -DHAVE_STRDUP=1 -DHAVE_STRERROR=1'
DEPDIR='.deps'
DLLTOOL='false'
DSYMUTIL=''
DUMPBIN=''
ECHO_C=''
ECHO_N='-n'
ECHO_T=''
EGREP='/usr/bin/grep -E'
EXEEXT=''
FGREP='/usr/bin/grep -F'
GMP_CFLAGS='-g -O2'
GMP_LIBS='-lgsl -lgmp -lgslcblas -lm '
GREP='/usr/bin/grep'
GSL_CONFIG='/usr/bin/gsl-config'
INSTALL_DATA='${INSTALL} -m 644'
INSTALL_PROGRAM='${INSTALL}'
INSTALL_SCRIPT='${INSTALL}'
INSTALL_STRIP_PROGRAM='$(install_sh) -c -s'
LD='/usr/bin/ld -m elf_x86_64'
LDFLAGS=' -L/opt/local/lib -L/usr/local/lib -L/usr/lib64'
LIBOBJS=''
LIBS='-lgsl -lgmp -lgslcblas -lm '
LIBTOOL='$(SHELL) $(top_builddir)/libtool'
LIPO=''
LN_S='ln -s'
LTLIBOBJS=''
LT_SYS_LIBRARY_PATH=''
MAKEINFO='${SHELL} /home/asaligrama/dev/rcorels/missing makeinfo'
MANIFEST_TOOL=':'
MKDIR_P='/usr/bin/mkdir -p'
NM='/usr/bin/nm -B'
NMEDIT=''
OBJDUMP='objdump'
OBJEXT='o'
OTOOL64=''
OTOOL=''
PACKAGE='corels'
PACKAGE_BUGREPORT='BUG-REPORT-ADDRESS'
PACKAGE_NAME='corels'
PACKAGE_STRING='corels VERSION'
PACKAGE_TARNAME='corels'
PACKAGE_URL=''
PACKAGE_VERSION='VERSION'
PATH_SEPARATOR=':'
POW_LIB=''
RANLIB='ranlib'
SED='/usr/bin/sed'
SET_MAKE=''
SHELL='/bin/sh'
STRIP='strip'
VERSION='VERSION'
ac_ct_AR='ar'
ac_ct_CC='gcc'
ac_ct_CXX='g++'
ac_ct_DUMPBIN=''
am__EXEEXT_FALSE=''
am__EXEEXT_TRUE='#'
am__fastdepCC_FALSE='#'
am__fastdepCC_TRUE=''
am__fastdepCXX_FALSE='#'
am__fastdepCXX_TRUE=''
am__include='include'
am__isrc=''
am__leading_dot='.'
am__nodep='_no'
am__quote=''
am__tar='$${TAR-tar} chof - "$$tardir"'
am__untar='$${TAR-tar} xf -'
bindir='${exec_prefix}/bin'
build='x86_64-pc-linux-gnu'
build_alias=''
build_cpu='x86_64'
build_os='linux-gnu'
build_vendor='pc'
datadir='${datarootdir}'
datarootdir='${prefix}/share'
docdir='${datarootdir}/doc/${PACKAGE_TARNAME}'
dvidir='${docdir}'
exec_prefix='${prefix}'
host='x86_64-pc-linux-gnu'
host_alias=''
host_cpu='x86_64'
host_os='linux-gnu'
host_vendor='pc'
htmldir='${docdir}'
includedir='${prefix}/include'
infodir='${datarootdir}/info'
install_sh='${SHELL} /home/asaligrama/dev/rcorels/install-sh'
libdir='${exec_prefix}/lib'
libexecdir='${exec_prefix}/libexec'
localedir='${datarootdir}/locale'
localstatedir='${prefix}/var'
mandir='${datarootdir}/man'
mkdir_p='$(MKDIR_P)'
oldincludedir='/usr/include'
pdfdir='${docdir}'
prefix='/usr/local'
program_transform_name='s,x,x,'
psdir='${docdir}'
sbindir='${exec_prefix}/sbin'
sharedstatedir='${prefix}/com'
sysconfdir='${prefix}/etc'
target_alias=''

## ----------- ##
## confdefs.h. ##
## ----------- ##

/* confdefs.h */
#define PACKAGE_NAME "corels"
#define PACKAGE_TARNAME "corels"
#define PACKAGE_VERSION "VERSION"
#define PACKAGE_STRING "corels VERSION"
#define PACKAGE_BUGREPORT "BUG-REPORT-ADDRESS"
#define PACKAGE_URL ""
#define PACKAGE "corels"
#define VERSION "VERSION"
#define STDC_HEADERS 1
#define HAVE_SYS_TYPES_H 1
#define HAVE_SYS_STAT_H 1
#define HAVE_STDLIB_H 1
#define HAVE_STRING_H 1
#define HAVE_MEMORY_H 1
#define HAVE_STRINGS_H 1
#define HAVE_INTTYPES_H 1
#define HAVE_STDINT_H 1
#define HAVE_UNISTD_H 1
#define HAVE_DLFCN_H 1
#define LT_OBJDIR ".libs/"
#define HAVE_LIBM 1
#define HAVE_LIBGSLCBLAS 1
#define HAVE_LIBGMP 1
#define HAVE_LIBGSL 1
#define HAVE_FLOAT_H 1
#define HAVE_GMP_H 1
#define HAVE_STDLIB_H 1
#define HAVE_STRING_H 1
#define HAVE_SYS_TIME_H 1
#define HAVE_UNISTD_H 1
#define HAVE_STDLIB_H 1
#define HAVE_MALLOC 1
#define HAVE_STDLIB_H 1
#define HAVE_REALLOC 1
#define HAVE_GETTIMEOFDAY 1
#define HAVE_MEMMOVE 1
#define HAVE_MEMSET 1
#define HAVE_STRDUP 1
#define HAVE_STRERROR 1

configure: exit 0
